-------------------------------------------------------------------------------
Test set: com.abhisheksamuely.microservices.config.cloud.SpringCloudConfigClientApplicationTests
-------------------------------------------------------------------------------
Tests run: 1, Failures: 0, Errors: 1, Skipped: 0, Time elapsed: 5.216 s <<< FAILURE! - in com.abhisheksamuely.microservices.config.cloud.SpringCloudConfigClientApplicationTests
contextLoads  Time elapsed: 0.003 s  <<< ERROR!
java.lang.IllegalStateException: Failed to load ApplicationContext
Caused by: org.springframework.beans.factory.BeanDefinitionStoreException: Failed to process import candidates for configuration class [com.abhisheksamuely.microservices.config.cloud.SpringCloudConfigClientApplication]; nested exception is java.lang.IllegalStateException: Error processing condition on org.springframework.boot.actuate.autoconfigure.audit.AuditEventsEndpointAutoConfiguration
Caused by: java.lang.IllegalStateException: Error processing condition on org.springframework.boot.actuate.autoconfigure.audit.AuditEventsEndpointAutoConfiguration
Caused by: java.lang.IllegalArgumentException: Value must only contain valid chars

